{
  "RSpec": {
    "coverage": {
      "/Users/sir3nkali/Desktop/apprenticeship/micro-login-service/spec/controllers/invites_controller_spec.rb": [
        1,
        null,
        1,
        null
      ],
      "/Users/sir3nkali/Desktop/apprenticeship/micro-login-service/spec/rails_helper.rb": [
        null,
        1,
        1,
        1,
        1,
        1,
        null,
        1,
        1,
        null,
        1,
        1,
        1,
        1,
        null,
        null,
        null,
        null,
        null,
        null,
        null,
        null,
        null,
        null,
        null,
        null,
        null,
        null,
        null,
        null,
        null,
        null,
        2,
        null,
        null,
        null,
        1,
        null,
        1,
        1,
        1,
        null,
        1,
        1,
        1,
        null,
        null,
        1,
        48,
        48,
        null,
        null,
        null,
        1,
        null,
        null,
        null,
        null,
        1,
        null,
        null,
        null,
        null,
        null,
        null,
        null,
        null,
        null,
        null,
        null,
        null,
        null,
        null,
        1,
        null,
        null,
        1,
        null,
        null,
        null,
        1,
        0,
        null,
        1,
        null
      ],
      "/Users/sir3nkali/Desktop/apprenticeship/micro-login-service/config/environment.rb": [
        null,
        1,
        null,
        null,
        1
      ],
      "/Users/sir3nkali/Desktop/apprenticeship/micro-login-service/config/application.rb": [
        1,
        null,
        1,
        null,
        1,
        1,
        1,
        1,
        1,
        1,
        1,
        1,
        1,
        null,
        null,
        null,
        null,
        1,
        null,
        1,
        1,
        null,
        1,
        null,
        1,
        1,
        1,
        1,
        null,
        null,
        null,
        null,
        1,
        null,
        null,
        null,
        null,
        null,
        null,
        null,
        null,
        null,
        null,
        1,
        null,
        null
      ],
      "/Users/sir3nkali/Desktop/apprenticeship/micro-login-service/config/boot.rb": [
        1,
        null,
        1,
        1
      ],
      "/Users/sir3nkali/Desktop/apprenticeship/micro-login-service/config/spring.rb": [
        null,
        null,
        null,
        null,
        null,
        5
      ],
      "/Users/sir3nkali/Desktop/apprenticeship/micro-login-service/config/environments/test.rb": [
        1,
        null,
        null,
        null,
        null,
        null,
        null,
        1,
        null,
        null,
        null,
        null,
        1,
        null,
        null,
        1,
        1,
        null,
        null,
        null,
        null,
        1,
        1,
        null,
        null,
        1,
        null,
        null,
        1,
        null,
        null,
        1,
        null,
        1,
        null,
        null,
        null,
        null,
        1,
        null,
        null,
        1,
        null,
        null,
        null,
        null
      ],
      "/Users/sir3nkali/Desktop/apprenticeship/micro-login-service/config/initializers/application_controller_renderer.rb": [
        null,
        null,
        null,
        null,
        null,
        null,
        null,
        null
      ],
      "/Users/sir3nkali/Desktop/apprenticeship/micro-login-service/config/initializers/backtrace_silencers.rb": [
        null,
        null,
        null,
        null,
        null,
        null,
        null
      ],
      "/Users/sir3nkali/Desktop/apprenticeship/micro-login-service/config/initializers/cors.rb": [
        null,
        null,
        null,
        null,
        null,
        null,
        null,
        null,
        null,
        null,
        null,
        null,
        null,
        null,
        null,
        null
      ],
      "/Users/sir3nkali/Desktop/apprenticeship/micro-login-service/config/initializers/filter_parameter_logging.rb": [
        null,
        null,
        null,
        1,
        null
      ],
      "/Users/sir3nkali/Desktop/apprenticeship/micro-login-service/config/initializers/inflections.rb": [
        null,
        null,
        null,
        null,
        null,
        null,
        null,
        null,
        null,
        null,
        null,
        null,
        null,
        null,
        null,
        null
      ],
      "/Users/sir3nkali/Desktop/apprenticeship/micro-login-service/config/initializers/mime_types.rb": [
        null,
        null,
        null,
        null
      ],
      "/Users/sir3nkali/Desktop/apprenticeship/micro-login-service/config/initializers/omniauth.rb": [
        1,
        null,
        1,
        1,
        null
      ],
      "/Users/sir3nkali/Desktop/apprenticeship/micro-login-service/config/initializers/rack_attack.rb": [
        1,
        null,
        1,
        null,
        null,
        1,
        38,
        null,
        null,
        null,
        1,
        0,
        null,
        null,
        null,
        null,
        1,
        0,
        0,
        null,
        null,
        null,
        null,
        1,
        0,
        null,
        0,
        null,
        null,
        null,
        null,
        null,
        null
      ],
      "/Users/sir3nkali/Desktop/apprenticeship/micro-login-service/config/initializers/wrap_parameters.rb": [
        null,
        null,
        null,
        null,
        null,
        null,
        1,
        2,
        null,
        null,
        null,
        null,
        null,
        null
      ],
      "/Users/sir3nkali/Desktop/apprenticeship/micro-login-service/spec/factories/roles.rb": [
        1,
        1,
        1,
        1,
        null,
        null
      ],
      "/Users/sir3nkali/Desktop/apprenticeship/micro-login-service/spec/factories/users.rb": [
        1,
        1,
        201,
        1,
        null,
        null
      ],
      "/Users/sir3nkali/Desktop/apprenticeship/micro-login-service/config/routes.rb": [
        1,
        1,
        1,
        1,
        1,
        null,
        null,
        null,
        1,
        1,
        null,
        1,
        null,
        1,
        null,
        1,
        1,
        null
      ],
      "/Users/sir3nkali/Desktop/apprenticeship/micro-login-service/app/helpers/roles_helper.rb": [
        1,
        1,
        1,
        2,
        null,
        null,
        1,
        2,
        2,
        2,
        2,
        null,
        null
      ],
      "/Users/sir3nkali/Desktop/apprenticeship/micro-login-service/app/helpers/users_helper.rb": [
        1,
        1,
        1,
        4,
        4,
        2,
        null,
        2,
        null,
        null,
        null,
        1,
        4,
        4,
        null,
        null,
        1,
        6,
        null,
        null,
        1,
        2,
        2,
        2,
        2,
        null,
        null,
        2,
        2,
        2,
        2,
        2,
        null,
        0,
        0,
        null,
        null,
        2,
        null,
        null,
        1,
        0,
        0,
        null,
        null,
        null,
        null,
        null,
        0,
        null,
        null,
        1,
        0,
        0,
        null,
        null,
        1,
        0,
        0,
        null,
        0,
        0,
        null,
        null,
        null,
        1,
        0,
        0,
        null,
        0,
        null,
        null,
        null,
        1,
        0,
        null,
        null,
        null,
        null,
        null,
        null,
        null,
        null,
        null,
        null,
        0,
        null,
        null
      ],
      "/Users/sir3nkali/Desktop/apprenticeship/micro-login-service/app/lib/generate_token.rb": [
        1,
        1,
        4,
        4,
        4,
        4,
        2,
        null,
        2,
        null,
        4,
        null,
        null
      ],
      "/Users/sir3nkali/Desktop/apprenticeship/micro-login-service/spec/support/request_spec_helper.rb": [
        1,
        1,
        26,
        null,
        null
      ],
      "/Users/sir3nkali/Desktop/apprenticeship/micro-login-service/app/controllers/invites_controller.rb": [
        1,
        1,
        null,
        1,
        1,
        1,
        1,
        0,
        null,
        null,
        null,
        1,
        1,
        1,
        1,
        null,
        0,
        0,
        0,
        0,
        0,
        0,
        0,
        0,
        null,
        0,
        null,
        null,
        null,
        1,
        null,
        1,
        1,
        1,
        1,
        null,
        null
      ],
      "/Users/sir3nkali/Desktop/apprenticeship/micro-login-service/app/lib/reset.rb": [
        1,
        1,
        1,
        null,
        1,
        0,
        0,
        0,
        null,
        0,
        null,
        null,
        null,
        null,
        1,
        5,
        1,
        null,
        null,
        null,
        1,
        0,
        0,
        0,
        null,
        0,
        null,
        null,
        0,
        null,
        null,
        null,
        1,
        0,
        0,
        0,
        null,
        null,
        1,
        5,
        5,
        null,
        5,
        2,
        2,
        2,
        null,
        3,
        null,
        null,
        null,
        1,
        0,
        0,
        0,
        0,
        null,
        0,
        null,
        null,
        null
      ],
      "/Users/sir3nkali/Desktop/apprenticeship/micro-login-service/app/lib/reset_response.rb": [
        1,
        1,
        6,
        null,
        null
      ],
      "/Users/sir3nkali/Desktop/apprenticeship/micro-login-service/spec/controllers/passwords_controller_spec.rb": [
        1,
        null,
        1,
        null
      ],
      "/Users/sir3nkali/Desktop/apprenticeship/micro-login-service/app/controllers/passwords_controller.rb": [
        1,
        1,
        1,
        4,
        null,
        null,
        1,
        null,
        1,
        0,
        null,
        null,
        null,
        null,
        null,
        null,
        null
      ],
      "/Users/sir3nkali/Desktop/apprenticeship/micro-login-service/app/controllers/application_controller.rb": [
        1,
        1,
        1,
        1,
        1,
        1,
        null,
        1,
        null,
        1,
        32,
        16,
        null,
        null,
        16,
        16,
        null,
        null,
        1,
        16,
        null,
        null,
        1,
        4,
        4,
        4,
        4,
        null,
        null,
        1,
        null,
        1,
        64,
        64,
        null,
        16,
        null,
        null,
        1,
        16,
        16,
        16,
        null,
        null,
        null,
        1,
        68,
        68,
        null,
        0,
        null,
        68,
        50,
        null,
        18,
        null,
        null
      ],
      "/Users/sir3nkali/Desktop/apprenticeship/micro-login-service/app/lib/json_web_token.rb": [
        1,
        null,
        1,
        1,
        1,
        null,
        1,
        16,
        16,
        16,
        null,
        null,
        1,
        64,
        null,
        null,
        1,
        16,
        0,
        null,
        16,
        null,
        null,
        null,
        1,
        null,
        null,
        null,
        null,
        48,
        null,
        null,
        1,
        16,
        null,
        null
      ],
      "/Users/sir3nkali/Desktop/apprenticeship/micro-login-service/app/controllers/concerns/response.rb": [
        1,
        1,
        32,
        null,
        null
      ],
      "/Users/sir3nkali/Desktop/apprenticeship/micro-login-service/app/controllers/concerns/exception_handler.rb": [
        1,
        1,
        null,
        1,
        1,
        1,
        1,
        1,
        0,
        null,
        null,
        1,
        0,
        null,
        null,
        1,
        0,
        null,
        null,
        null
      ],
      "/Users/sir3nkali/Desktop/apprenticeship/micro-login-service/spec/controllers/users_controller_spec.rb": [
        1,
        null,
        1,
        null
      ],
      "/Users/sir3nkali/Desktop/apprenticeship/micro-login-service/app/controllers/users_controller.rb": [
        1,
        1,
        null,
        1,
        5,
        1,
        null,
        1,
        2,
        2,
        null,
        null,
        1,
        2,
        2,
        0,
        null,
        2,
        2,
        2,
        null,
        null,
        null,
        1,
        2,
        null,
        null,
        1,
        2,
        2,
        2,
        0,
        null,
        2,
        2,
        null,
        null,
        null,
        1,
        2,
        2,
        null,
        null,
        1,
        0,
        0,
        0,
        null,
        0,
        null,
        null,
        null,
        1,
        0,
        0,
        0,
        null,
        0,
        0,
        0,
        0,
        null,
        0,
        null,
        null,
        null,
        1,
        0,
        null,
        null,
        0,
        0,
        null,
        null,
        1,
        null,
        1,
        14,
        null,
        null,
        null,
        null,
        null,
        null,
        null
      ],
      "/Users/sir3nkali/Desktop/apprenticeship/micro-login-service/spec/features/invites_spec.rb": [
        null,
        1,
        1,
        null,
        1,
        1,
        1,
        1,
        1,
        1,
        1,
        null,
        null
      ],
      "/Users/sir3nkali/Desktop/apprenticeship/micro-login-service/spec/helpers/users_spec_helper.rb": [
        1,
        1,
        1,
        16,
        null,
        null,
        1,
        18,
        18,
        18,
        18,
        18,
        null,
        null
      ],
      "/Users/sir3nkali/Desktop/apprenticeship/micro-login-service/spec/models/assignment_spec.rb": [
        1,
        null,
        1,
        2,
        2,
        null
      ],
      "/Users/sir3nkali/Desktop/apprenticeship/micro-login-service/app/models/assignment.rb": [
        1,
        1,
        1,
        null
      ],
      "/Users/sir3nkali/Desktop/apprenticeship/micro-login-service/app/models/application_record.rb": [
        1,
        1,
        null
      ],
      "/Users/sir3nkali/Desktop/apprenticeship/micro-login-service/spec/models/role_spec.rb": [
        1,
        null,
        1,
        2,
        2,
        null,
        1,
        1,
        1,
        null,
        null,
        1,
        1,
        1,
        null,
        null,
        1,
        1,
        1,
        1,
        null,
        null
      ],
      "/Users/sir3nkali/Desktop/apprenticeship/micro-login-service/app/models/role.rb": [
        1,
        1,
        1,
        1,
        null
      ],
      "/Users/sir3nkali/Desktop/apprenticeship/micro-login-service/spec/models/user_spec.rb": [
        1,
        null,
        1,
        2,
        2,
        null,
        2,
        2,
        null
      ],
      "/Users/sir3nkali/Desktop/apprenticeship/micro-login-service/app/models/user.rb": [
        1,
        1,
        null,
        1,
        1,
        1,
        null,
        1,
        1,
        null,
        1,
        1,
        null,
        1,
        0,
        null,
        null,
        1,
        226,
        null,
        null,
        1,
        222,
        222,
        null,
        null,
        1,
        0,
        0,
        0,
        null,
        null,
        1,
        0,
        0,
        0,
        null,
        null,
        1,
        0,
        0,
        null,
        null,
        1,
        0,
        0,
        0,
        0,
        null,
        null
      ],
      "/Users/sir3nkali/Desktop/apprenticeship/micro-login-service/spec/requests/passwords_spec.rb": [
        null,
        1,
        1,
        null,
        1,
        1,
        1,
        5,
        1,
        3,
        null,
        1,
        1,
        1,
        null,
        null,
        1,
        1,
        null,
        null,
        null,
        1,
        3,
        3,
        null,
        1,
        1,
        1,
        null,
        null,
        1,
        1,
        null,
        null,
        null,
        null
      ],
      "/Users/sir3nkali/Desktop/apprenticeship/micro-login-service/spec/requests/roles_spec.rb": [
        null,
        1,
        1,
        null,
        1,
        1,
        7,
        1,
        6,
        null,
        null,
        1,
        1,
        3,
        null,
        1,
        1,
        1,
        null,
        null,
        1,
        1,
        null,
        null,
        null,
        1,
        3,
        null,
        1,
        1,
        1,
        null,
        null,
        1,
        1,
        null,
        null,
        null,
        null,
        1,
        5,
        1,
        3,
        null,
        1,
        1,
        1,
        null,
        null,
        1,
        1,
        null,
        null,
        null,
        1,
        3,
        null,
        1,
        1,
        1,
        null,
        null,
        1,
        1,
        null,
        null,
        null,
        null,
        1,
        5,
        1,
        3,
        null,
        1,
        1,
        1,
        null,
        null,
        1,
        1,
        null,
        null,
        null,
        1,
        3,
        null,
        1,
        1,
        null,
        null,
        1,
        1,
        null,
        null,
        null,
        null
      ],
      "/Users/sir3nkali/Desktop/apprenticeship/micro-login-service/spec/requests/users_spec.rb": [
        null,
        1,
        1,
        null,
        1,
        1,
        21,
        11,
        5,
        11,
        1,
        10,
        null,
        null,
        1,
        1,
        3,
        null,
        1,
        1,
        1,
        null,
        null,
        1,
        1,
        null,
        null,
        null,
        1,
        3,
        null,
        1,
        1,
        1,
        null,
        null,
        1,
        1,
        null,
        null,
        null,
        null,
        1,
        1,
        3,
        null,
        1,
        1,
        1,
        null,
        null,
        1,
        1,
        null,
        null,
        null,
        1,
        3,
        null,
        1,
        1,
        1,
        null,
        null,
        1,
        1,
        null,
        null,
        null,
        null,
        1,
        1,
        3,
        null,
        1,
        1,
        1,
        null,
        null,
        1,
        1,
        null,
        null,
        null,
        1,
        3,
        null,
        1,
        1,
        null,
        null,
        1,
        1,
        null,
        null,
        null,
        null,
        1,
        5,
        1,
        3,
        null,
        1,
        1,
        1,
        null,
        null,
        1,
        1,
        null,
        null,
        null,
        1,
        3,
        null,
        1,
        1,
        null,
        null,
        1,
        1,
        null,
        null,
        null,
        null,
        1,
        1,
        3,
        null,
        1,
        1,
        1,
        null,
        null,
        1,
        1,
        null,
        null,
        null,
        1,
        3,
        null,
        1,
        1,
        1,
        null,
        null,
        1,
        1,
        null,
        null,
        null,
        null
      ],
      "/Users/sir3nkali/Desktop/apprenticeship/micro-login-service/app/lib/message.rb": [
        1,
        1,
        3,
        null,
        null,
        1,
        0,
        null,
        null,
        1,
        0,
        null,
        null,
        1,
        0,
        null,
        null,
        1,
        1,
        null,
        null,
        1,
        0,
        null,
        null,
        1,
        0,
        null,
        null,
        1,
        2,
        null,
        null,
        1,
        2,
        null,
        null,
        1,
        0,
        null,
        null,
        1,
        0,
        null,
        null,
        1,
        2,
        null,
        null,
        1,
        0,
        null,
        null,
        1,
        0,
        null,
        null
      ],
      "/Users/sir3nkali/Desktop/apprenticeship/micro-login-service/app/mailers/user_mailer.rb": [
        1,
        1,
        2,
        2,
        2,
        null,
        2,
        null,
        null,
        1,
        2,
        2,
        2,
        null,
        2,
        null,
        null,
        1,
        0,
        0,
        0,
        null,
        null
      ],
      "/Users/sir3nkali/Desktop/apprenticeship/micro-login-service/app/mailers/application_mailer.rb": [
        1,
        1,
        1,
        null
      ],
      "/Users/sir3nkali/Desktop/apprenticeship/micro-login-service/app/serializers/user_serializer.rb": [
        1,
        1,
        null
      ],
      "/Users/sir3nkali/Desktop/apprenticeship/micro-login-service/app/controllers/roles_controller.rb": [
        1,
        null,
        1,
        1,
        1,
        1,
        null,
        1,
        2,
        2,
        null,
        null,
        1,
        2,
        null,
        null,
        1,
        0,
        0,
        null,
        0,
        0,
        null,
        null,
        null,
        1,
        0,
        0,
        null,
        null,
        1,
        2,
        0,
        null,
        2,
        2,
        2,
        null,
        null,
        null,
        1,
        null,
        1,
        0,
        null,
        null,
        1,
        4,
        4,
        4,
        null,
        null
      ],
      "/Users/sir3nkali/Desktop/apprenticeship/micro-login-service/app/serializers/role_serializer.rb": [
        1,
        1,
        null
      ]
    },
    "timestamp": 1526665255
  }
}
